<?xml version="1.0" encoding="UTF-8"?>
<testsuites name="Basic" time="37" tests="1" failures="0" errors="0">
   <testsuite name="Basic" tests="1" failures="0" errors="0" time="37" timestamp="2018-08-16 15:01:33" hostname="gzu - nb50360.elcaNet.local" id="Test Suites/LoginMakeAppointment/Basic">
      <properties>
         <property name="deviceName" value=""/>
         <property name="devicePlatform" value=""/>
         <property name="logFolder" value="C:\\Users\\GZU\\Documents\\02_ehp\\03_Katalon\\repos\\Tutorial_Test_Suite_03_CURA\\Reports\\LoginMakeAppointment\\Basic\\20180816_150132"/>
         <property name="logFiles" value="C:\\Users\\GZU\\Documents\\02_ehp\\03_Katalon\\repos\\Tutorial_Test_Suite_03_CURA\\Reports\\LoginMakeAppointment\\Basic\\20180816_150132\\execution0.log"/>
         <property name="attachments" value=""/>
         <property name="hostName" value="gzu - nb50360.elcaNet.local"/>
         <property name="os" value="Windows 10 64bit"/>
         <property name="katalonVersion" value="5.6.0.1"/>
         <property name="browser" value="Firefox 61.0"/>
         <property name="hostAddress" value="10.10.128.22"/>
         <property name="sessionId" value="8dfe2c7b-9afb-4b8c-b936-b50c2bbc0ccd"/>
         <property name="seleniumVersion" value="3.7.1"/>
         <property name="proxyInformation" value="ProxyInformation{proxyOption=NO_PROXY, proxyServerType=HTTP, password=, proxyServerAddress=, proxyServerPort=0}"/>
         <property name="platform" value="Windows 10"/>
      </properties>
      <testcase name="Test Cases/Basic" classname="Test Cases/Basic" status="PASSED">
         <system-out><![CDATA[2018-08-16 15:01:33 - [TEST_CASE][PASSED] - Test Cases/Basic: Test Cases/Basic

2018-08-16 15:01:34 - [TEST_STEP][PASSED] - openBrowser: Browser is opened with url: ''

2018-08-16 15:01:37 - [MESSAGE][PASSED] - Browser is opened with url: ''

2018-08-16 15:01:37 - [TEST_STEP][PASSED] - navigateToUrl: Navigate to 'https://katalon-demo-cura.herokuapp.com/' successfully

2018-08-16 15:01:40 - [MESSAGE][PASSED] - Navigate to 'https://katalon-demo-cura.herokuapp.com/' successfully

2018-08-16 15:01:40 - [TEST_STEP][PASSED] - callTestCase: Call Test Case 'Test Cases/Teilprozesse Test/Login' successfully

2018-08-16 15:01:40 - [TEST_CASE][PASSED] - Test Cases/Teilprozesse Test/Login: Test Cases/Teilprozesse Test/Login

2018-08-16 15:01:40 - [TEST_STEP][PASSED] - doubleClick: Object: 'Object Repository/Page - Login/Page_CURA Healthcare Service/input_form-control' is double clicked on

2018-08-16 15:02:07 - [MESSAGE][PASSED] - Object: 'Object Repository/Page - Login/Page_CURA Healthcare Service/input_form-control' is double clicked on

2018-08-16 15:02:07 - [TEST_STEP][PASSED] - setText: Text 'John Doe' is set on object 'Object Repository/Page - Login/Page_CURA Healthcare Service/input_username'

2018-08-16 15:02:07 - [MESSAGE][PASSED] - Text 'John Doe' is set on object 'Object Repository/Page - Login/Page_CURA Healthcare Service/input_username'

2018-08-16 15:02:07 - [TEST_STEP][PASSED] - doubleClick: Object: 'Object Repository/Page - Login/Page_CURA Healthcare Service/input_form-control_1' is double clicked on

2018-08-16 15:02:08 - [MESSAGE][PASSED] - Object: 'Object Repository/Page - Login/Page_CURA Healthcare Service/input_form-control_1' is double clicked on

2018-08-16 15:02:08 - [TEST_STEP][PASSED] - setEncryptedText: Text ****** has been set on object 'Object Repository/Page - Login/Page_CURA Healthcare Service/input_password'

2018-08-16 15:02:08 - [MESSAGE][PASSED] - Text ****** has been set on object 'Object Repository/Page - Login/Page_CURA Healthcare Service/input_password'

2018-08-16 15:02:08 - [TEST_STEP][PASSED] - click: Object: 'Object Repository/Page - Login/Page_CURA Healthcare Service/button_Login' is clicked on

2018-08-16 15:02:08 - [MESSAGE][PASSED] - Object: 'Object Repository/Page - Login/Page_CURA Healthcare Service/button_Login' is clicked on

2018-08-16 15:02:08 - [MESSAGE][PASSED] - Call Test Case 'Test Cases/Teilprozesse Test/Login' successfully

2018-08-16 15:02:08 - [TEST_STEP][PASSED] - callTestCase: Call Test Case 'Test Cases/Teilprozesse Test/Make Appointment' successfully

2018-08-16 15:02:08 - [TEST_CASE][PASSED] - Test Cases/Teilprozesse Test/Make Appointment: Test Cases/Teilprozesse Test/Make Appointment

2018-08-16 15:02:09 - [TEST_STEP][PASSED] - selectOptionByValue: All options with value 'Hongkong CURA Healthcare Center' are selected in object 'Object Repository/Page - Make Appointment/Page_CURA Healthcare Service/select_Tokyo CURA Healthcare C (1)'  using regular expression

2018-08-16 15:02:09 - [MESSAGE][PASSED] - All options with value 'Hongkong CURA Healthcare Center' are selected in object 'Object Repository/Page - Make Appointment/Page_CURA Healthcare Service/select_Tokyo CURA Healthcare C (1)'  using regular expression

2018-08-16 15:02:09 - [TEST_STEP][PASSED] - click: Object: 'Object Repository/Page - Make Appointment/Page_CURA Healthcare Service/div_input-group-addon (1)' is clicked on

2018-08-16 15:02:09 - [MESSAGE][PASSED] - Object: 'Object Repository/Page - Make Appointment/Page_CURA Healthcare Service/div_input-group-addon (1)' is clicked on

2018-08-16 15:02:09 - [TEST_STEP][PASSED] - click: Object: 'Object Repository/Page - Make Appointment/Page_CURA Healthcare Service/td_30 (1)' is clicked on

2018-08-16 15:02:09 - [MESSAGE][PASSED] - Object: 'Object Repository/Page - Make Appointment/Page_CURA Healthcare Service/td_30 (1)' is clicked on

2018-08-16 15:02:09 - [TEST_STEP][PASSED] - setText: Text 'this testcase tests just the appointment creation scenario' is set on object 'Object Repository/Page - Make Appointment/Page_CURA Healthcare Service/textarea_comment (1)'

2018-08-16 15:02:10 - [MESSAGE][PASSED] - Text 'this testcase tests just the appointment creation scenario' is set on object 'Object Repository/Page - Make Appointment/Page_CURA Healthcare Service/textarea_comment (1)'

2018-08-16 15:02:10 - [TEST_STEP][PASSED] - click: Object: 'Object Repository/Page - Make Appointment/Page_CURA Healthcare Service/button_Book Appointment' is clicked on

2018-08-16 15:02:10 - [MESSAGE][PASSED] - Object: 'Object Repository/Page - Make Appointment/Page_CURA Healthcare Service/button_Book Appointment' is clicked on

2018-08-16 15:02:10 - [TEST_STEP][PASSED] - click: Object: 'Object Repository/Page - Make Appointment/Page_CURA Healthcare Service/button_makeAppointment' is clicked on

2018-08-16 15:02:10 - [MESSAGE][PASSED] - Object: 'Object Repository/Page - Make Appointment/Page_CURA Healthcare Service/button_makeAppointment' is clicked on

2018-08-16 15:02:10 - [TEST_STEP][PASSED] - closeBrowser: Browser is closed

2018-08-16 15:02:10 - [MESSAGE][PASSED] - Browser is closed

2018-08-16 15:02:10 - [MESSAGE][PASSED] - Call Test Case 'Test Cases/Teilprozesse Test/Make Appointment' successfully]]></system-out>
         <system-err><![CDATA[]]></system-err>
      </testcase>
      <system-out><![CDATA[2018-08-16 15:01:33 - [TEST_SUITE][PASSED] - Basic: Test Cases/Basic]]></system-out>
      <system-err><![CDATA[]]></system-err>
   </testsuite>
</testsuites>
