<?xml version="1.0" encoding="UTF-8"?>
<testsuites name="Basic" time="12" tests="1" failures="0" errors="0">
   <testsuite name="Basic" tests="1" failures="0" errors="0" time="12" timestamp="2018-08-16 11:04:53" hostname="gzu - nb50360.elcaNet.local" id="Test Suites/Registration/Basic">
      <properties>
         <property name="deviceName" value=""/>
         <property name="devicePlatform" value=""/>
         <property name="logFolder" value="C:\\Users\\GZU\\Documents\\02_ehp\\03_Katalon\\repos\\Tutorial_Test_Suite_03_CURA\\Reports\\Registration\\Basic\\20180816_110451"/>
         <property name="logFiles" value="C:\\Users\\GZU\\Documents\\02_ehp\\03_Katalon\\repos\\Tutorial_Test_Suite_03_CURA\\Reports\\Registration\\Basic\\20180816_110451\\execution0.log"/>
         <property name="attachments" value=""/>
         <property name="hostName" value="gzu - nb50360.elcaNet.local"/>
         <property name="os" value="Windows 10 64bit"/>
         <property name="katalonVersion" value="5.6.0.1"/>
         <property name="browser" value="Firefox 61.0"/>
         <property name="hostAddress" value="10.10.128.22"/>
         <property name="sessionId" value="52719b2e-1032-4c8c-92f7-440c5555f48b"/>
         <property name="seleniumVersion" value="3.7.1"/>
         <property name="proxyInformation" value="ProxyInformation{proxyOption=NO_PROXY, proxyServerType=HTTP, password=, proxyServerAddress=, proxyServerPort=0}"/>
         <property name="platform" value="Windows 10"/>
      </properties>
      <testcase name="Test Cases/Basic" classname="Test Cases/Basic" status="PASSED">
         <system-out><![CDATA[2018-08-16 11:04:53 - [TEST_CASE][PASSED] - Test Cases/Basic: Test Cases/Basic

2018-08-16 11:04:54 - [TEST_STEP][PASSED] - openBrowser: Browser is opened with url: ''

2018-08-16 11:04:58 - [MESSAGE][PASSED] - Browser is opened with url: ''

2018-08-16 11:04:58 - [TEST_STEP][PASSED] - navigateToUrl: Navigate to 'https://katalon-demo-cura.herokuapp.com/' successfully

2018-08-16 11:05:02 - [MESSAGE][PASSED] - Navigate to 'https://katalon-demo-cura.herokuapp.com/' successfully

2018-08-16 11:05:02 - [TEST_STEP][PASSED] - click: Object: 'Object Repository/Page - Registration/Page_CURA Healthcare Service/button_makeAppointment' is clicked on

2018-08-16 11:05:02 - [MESSAGE][PASSED] - Object: 'Object Repository/Page - Registration/Page_CURA Healthcare Service/button_makeAppointment' is clicked on

2018-08-16 11:05:02 - [TEST_STEP][PASSED] - setText: Text 'John Doe' is set on object 'Object Repository/Page - Registration/Page_CURA Healthcare Service/input_username'

2018-08-16 11:05:03 - [MESSAGE][PASSED] - Text 'John Doe' is set on object 'Object Repository/Page - Registration/Page_CURA Healthcare Service/input_username'

2018-08-16 11:05:03 - [TEST_STEP][PASSED] - setEncryptedText: Text ****** has been set on object 'Object Repository/Page - Registration/Page_CURA Healthcare Service/input_password'

2018-08-16 11:05:03 - [MESSAGE][PASSED] - Text ****** has been set on object 'Object Repository/Page - Registration/Page_CURA Healthcare Service/input_password'

2018-08-16 11:05:03 - [TEST_STEP][PASSED] - click: Object: 'Object Repository/Page - Registration/Page_CURA Healthcare Service/button_Login' is clicked on

2018-08-16 11:05:03 - [MESSAGE][PASSED] - Object: 'Object Repository/Page - Registration/Page_CURA Healthcare Service/button_Login' is clicked on

2018-08-16 11:05:03 - [TEST_STEP][PASSED] - selectOptionByValue: All options with value 'Hongkong CURA Healthcare Center' are selected in object 'Object Repository/Page - Registration/Page_CURA Healthcare Service/select_Tokyo CURA Healthcare C'  using regular expression

2018-08-16 11:05:04 - [MESSAGE][PASSED] - All options with value 'Hongkong CURA Healthcare Center' are selected in object 'Object Repository/Page - Registration/Page_CURA Healthcare Service/select_Tokyo CURA Healthcare C'  using regular expression

2018-08-16 11:05:04 - [TEST_STEP][PASSED] - click: Object: 'Object Repository/Page - Registration/Page_CURA Healthcare Service/label_Medicaid' is clicked on

2018-08-16 11:05:04 - [MESSAGE][PASSED] - Object: 'Object Repository/Page - Registration/Page_CURA Healthcare Service/label_Medicaid' is clicked on

2018-08-16 11:05:04 - [TEST_STEP][PASSED] - click: Object: 'Object Repository/Page - Registration/Page_CURA Healthcare Service/div_input-group-addon' is clicked on

2018-08-16 11:05:04 - [MESSAGE][PASSED] - Object: 'Object Repository/Page - Registration/Page_CURA Healthcare Service/div_input-group-addon' is clicked on

2018-08-16 11:05:04 - [TEST_STEP][PASSED] - click: Object: 'Object Repository/Page - Registration/Page_CURA Healthcare Service/td_30' is clicked on

2018-08-16 11:05:05 - [MESSAGE][PASSED] - Object: 'Object Repository/Page - Registration/Page_CURA Healthcare Service/td_30' is clicked on

2018-08-16 11:05:05 - [TEST_STEP][PASSED] - setText: Text 'This is a comment.' is set on object 'Object Repository/Page - Registration/Page_CURA Healthcare Service/textarea_comment'

2018-08-16 11:05:05 - [MESSAGE][PASSED] - Text 'This is a comment.' is set on object 'Object Repository/Page - Registration/Page_CURA Healthcare Service/textarea_comment'

2018-08-16 11:05:05 - [TEST_STEP][PASSED] - click: Object: 'Object Repository/Page - Registration/Page_CURA Healthcare Service/a_menu-toggle' is clicked on

2018-08-16 11:05:05 - [MESSAGE][PASSED] - Object: 'Object Repository/Page - Registration/Page_CURA Healthcare Service/a_menu-toggle' is clicked on

2018-08-16 11:05:05 - [TEST_STEP][PASSED] - click: Object: 'Object Repository/Page - Registration/Page_CURA Healthcare Service/a_Logout' is clicked on

2018-08-16 11:05:05 - [MESSAGE][PASSED] - Object: 'Object Repository/Page - Registration/Page_CURA Healthcare Service/a_Logout' is clicked on]]></system-out>
         <system-err><![CDATA[]]></system-err>
      </testcase>
      <system-out><![CDATA[2018-08-16 11:04:53 - [TEST_SUITE][PASSED] - Basic: Test Cases/Basic]]></system-out>
      <system-err><![CDATA[]]></system-err>
   </testsuite>
</testsuites>
