<?xml version="1.0" encoding="UTF-8"?>
<testsuites name="Basic" time="61" tests="0" failures="1" errors="0">
   <testsuite name="Basic" tests="0" failures="1" errors="0" time="61" timestamp="2018-08-16 15:54:41" hostname="gzu - nb50360.elcaNet.local" id="Test Suites/LoginMakeAppointment/Basic">
      <properties>
         <property name="deviceName" value=""/>
         <property name="devicePlatform" value=""/>
         <property name="logFolder" value="C:\\Users\\GZU\\Documents\\02_ehp\\03_Katalon\\repos\\Tutorial_Test_Suite_03_CURA\\Reports\\LoginMakeAppointment\\Basic\\20180816_155440"/>
         <property name="logFiles" value="C:\\Users\\GZU\\Documents\\02_ehp\\03_Katalon\\repos\\Tutorial_Test_Suite_03_CURA\\Reports\\LoginMakeAppointment\\Basic\\20180816_155440\\execution0.log"/>
         <property name="attachments" value="C:\\Users\\GZU\\Documents\\02_ehp\\03_Katalon\\repos\\Tutorial_Test_Suite_03_CURA\\Reports\\LoginMakeAppointment\\Basic\\20180816_155440\\1534427742521.png"/>
         <property name="hostName" value="gzu - nb50360.elcaNet.local"/>
         <property name="os" value="Windows 10 64bit"/>
         <property name="katalonVersion" value="5.6.0.1"/>
         <property name="browser" value="Firefox 61.0"/>
         <property name="hostAddress" value="10.10.128.22"/>
         <property name="sessionId" value="4a8ab334-35b5-4218-9fdd-c5c46589708b"/>
         <property name="seleniumVersion" value="3.7.1"/>
         <property name="proxyInformation" value="ProxyInformation{proxyOption=NO_PROXY, proxyServerType=HTTP, password=, proxyServerAddress=, proxyServerPort=0}"/>
         <property name="platform" value="Windows 10"/>
      </properties>
      <testcase name="Test Cases/Basic Login Logout" classname="Test Cases/Basic Login Logout" status="FAILED">
         <failure type="FAILED" message="Unable to click on object 'Object Repository/Navigation Sidebar/Page_CURA Healthcare Service/Navigation Profile' (Root cause: com.kms.katalon.core.webui.exception.WebElementNotFoundException: Web element with id: 'Object Repository/Navigation Sidebar/Page_CURA Healthcare Service/Navigation Profile' located by 'By.xpath: //*[@id = '#profile']' not found)"/>
         <system-out><![CDATA[2018-08-16 15:54:42 - [TEST_CASE][FAILED] - Test Cases/Basic Login Logout: Test Cases/Basic Login Logout FAILED because (of) Unable to click on object 'Object Repository/Navigation Sidebar/Page_CURA Healthcare Service/Navigation Profile' (Root cause: com.kms.katalon.core.webui.exception.WebElementNotFoundException: Web element with id: 'Object Repository/Navigation Sidebar/Page_CURA Healthcare Service/Navigation Profile' located by 'By.xpath: //*[@id = '#profile']' not found)

2018-08-16 15:54:42 - [TEST_STEP][PASSED] - openBrowser: Browser is opened with url: ''

2018-08-16 15:54:46 - [MESSAGE][PASSED] - Browser is opened with url: ''

2018-08-16 15:54:46 - [TEST_STEP][PASSED] - navigateToUrl: Navigate to 'https://katalon-demo-cura.herokuapp.com/' successfully

2018-08-16 15:54:48 - [MESSAGE][PASSED] - Navigate to 'https://katalon-demo-cura.herokuapp.com/' successfully

2018-08-16 15:54:48 - [TEST_STEP][PASSED] - callTestCase: Call Test Case 'Test Cases/Teilprozesse Test/Login' successfully

2018-08-16 15:54:48 - [TEST_CASE][PASSED] - Test Cases/Teilprozesse Test/Login: Test Cases/Teilprozesse Test/Login

2018-08-16 15:54:49 - [TEST_STEP][PASSED] - doubleClick: Object: 'Object Repository/Page - Login/Page_CURA Healthcare Service/input_form-control' is double clicked on

2018-08-16 15:55:10 - [MESSAGE][PASSED] - Object: 'Object Repository/Page - Login/Page_CURA Healthcare Service/input_form-control' is double clicked on

2018-08-16 15:55:10 - [TEST_STEP][PASSED] - setText: Text 'John Doe' is set on object 'Object Repository/Page - Login/Page_CURA Healthcare Service/input_username'

2018-08-16 15:55:10 - [MESSAGE][PASSED] - Text 'John Doe' is set on object 'Object Repository/Page - Login/Page_CURA Healthcare Service/input_username'

2018-08-16 15:55:10 - [TEST_STEP][PASSED] - doubleClick: Object: 'Object Repository/Page - Login/Page_CURA Healthcare Service/input_form-control_1' is double clicked on

2018-08-16 15:55:11 - [MESSAGE][PASSED] - Object: 'Object Repository/Page - Login/Page_CURA Healthcare Service/input_form-control_1' is double clicked on

2018-08-16 15:55:11 - [TEST_STEP][PASSED] - setEncryptedText: Text ****** has been set on object 'Object Repository/Page - Login/Page_CURA Healthcare Service/input_password'

2018-08-16 15:55:11 - [MESSAGE][PASSED] - Text ****** has been set on object 'Object Repository/Page - Login/Page_CURA Healthcare Service/input_password'

2018-08-16 15:55:11 - [TEST_STEP][PASSED] - click: Object: 'Object Repository/Page - Login/Page_CURA Healthcare Service/button_Login' is clicked on

2018-08-16 15:55:11 - [MESSAGE][PASSED] - Object: 'Object Repository/Page - Login/Page_CURA Healthcare Service/button_Login' is clicked on

2018-08-16 15:55:11 - [MESSAGE][PASSED] - Call Test Case 'Test Cases/Teilprozesse Test/Login' successfully

2018-08-16 15:55:11 - [TEST_STEP][FAILED] - callTestCase: Unable to call Test Case with id 'Test Cases/Teilprozesse Test/Logout' (Root cause: Call Test Case 'Test Cases/Teilprozesse Test/Logout' failed)

2018-08-16 15:55:11 - [TEST_CASE][FAILED] - Test Cases/Teilprozesse Test/Logout: Test Cases/Teilprozesse Test/Logout FAILED because (of) Unable to click on object 'Object Repository/Navigation Sidebar/Page_CURA Healthcare Service/Navigation Profile' (Root cause: com.kms.katalon.core.webui.exception.WebElementNotFoundException: Web element with id: 'Object Repository/Navigation Sidebar/Page_CURA Healthcare Service/Navigation Profile' located by 'By.xpath: //*[@id = '#profile']' not found)

2018-08-16 15:55:11 - [TEST_STEP][PASSED] - click: Object: 'Object Repository/Navigation Sidebar/Page_CURA Healthcare Service/i_fa fa-bars' is clicked on

2018-08-16 15:55:12 - [MESSAGE][PASSED] - Object: 'Object Repository/Navigation Sidebar/Page_CURA Healthcare Service/i_fa fa-bars' is clicked on

2018-08-16 15:55:12 - [TEST_STEP][FAILED] - click: Unable to click on object 'Object Repository/Navigation Sidebar/Page_CURA Healthcare Service/Navigation Profile' (Root cause: com.kms.katalon.core.webui.exception.WebElementNotFoundException: Web element with id: 'Object Repository/Navigation Sidebar/Page_CURA Healthcare Service/Navigation Profile' located by 'By.xpath: //*[@id = '#profile']' not found)

2018-08-16 15:55:42 - [MESSAGE][FAILED] - Unable to click on object 'Object Repository/Navigation Sidebar/Page_CURA Healthcare Service/Navigation Profile' (Root cause: com.kms.katalon.core.webui.exception.WebElementNotFoundException: Web element with id: 'Object Repository/Navigation Sidebar/Page_CURA Healthcare Service/Navigation Profile' located by 'By.xpath: //*[@id = '#profile']' not found)
[[ATTACHMENT|C:\\Users\\GZU\\Documents\\02_ehp\\03_Katalon\\repos\\Tutorial_Test_Suite_03_CURA\\Reports\\LoginMakeAppointment\\Basic\\20180816_155440\\1534427742521.png]]

2018-08-16 15:55:42 - [MESSAGE][FAILED] - Unable to call Test Case with id 'Test Cases/Teilprozesse Test/Logout' (Root cause: Call Test Case 'Test Cases/Teilprozesse Test/Logout' failed)]]></system-out>
         <system-err><![CDATA[2018-08-16 15:54:42 - [TEST_CASE][FAILED] - Test Cases/Basic Login Logout: Test Cases/Basic Login Logout FAILED because (of) Unable to click on object 'Object Repository/Navigation Sidebar/Page_CURA Healthcare Service/Navigation Profile' (Root cause: com.kms.katalon.core.webui.exception.WebElementNotFoundException: Web element with id: 'Object Repository/Navigation Sidebar/Page_CURA Healthcare Service/Navigation Profile' located by 'By.xpath: //*[@id = '#profile']' not found)]]></system-err>
      </testcase>
      <system-out><![CDATA[2018-08-16 15:54:41 - [TEST_SUITE][FAILED] - Basic: Test Cases/Basic Login Logout FAILED because (of) Unable to click on object 'Object Repository/Navigation Sidebar/Page_CURA Healthcare Service/Navigation Profile' (Root cause: com.kms.katalon.core.webui.exception.WebElementNotFoundException: Web element with id: 'Object Repository/Navigation Sidebar/Page_CURA Healthcare Service/Navigation Profile' located by 'By.xpath: //*[@id = '#profile']' not found)]]></system-out>
      <system-err><![CDATA[2018-08-16 15:54:41 - [TEST_SUITE][FAILED] - Basic: Test Cases/Basic Login Logout FAILED because (of) Unable to click on object 'Object Repository/Navigation Sidebar/Page_CURA Healthcare Service/Navigation Profile' (Root cause: com.kms.katalon.core.webui.exception.WebElementNotFoundException: Web element with id: 'Object Repository/Navigation Sidebar/Page_CURA Healthcare Service/Navigation Profile' located by 'By.xpath: //*[@id = '#profile']' not found)]]></system-err>
   </testsuite>
</testsuites>
